2017-08-24 07:42:36.934  INFO 7809 --- [main] c.a.s.alfrescodb.AlfrescoDbApplication   : Starting AlfrescoDbApplication on miguel-Latitude-E6540 with PID 7809 (/home/miguel/git/alfresco-db-queries/target/classes started by miguel in /home/miguel/git/alfresco-db-queries)
2017-08-24 07:42:36.947  INFO 7809 --- [main] c.a.s.alfrescodb.AlfrescoDbApplication   : No active profile set, falling back to default profiles: default
2017-08-24 07:42:37.191  INFO 7809 --- [main] ationConfigEmbeddedWebApplicationContext : Refreshing org.springframework.boot.context.embedded.AnnotationConfigEmbeddedWebApplicationContext@230bdbbc: startup date [Thu Aug 24 07:42:37 BST 2017]; root of context hierarchy
2017-08-24 07:42:39.116  INFO 7809 --- [main] o.s.b.f.xml.XmlBeanDefinitionReader      : Loading XML bean definitions from class path resource [application-context.xml]
2017-08-24 07:42:40.421  INFO 7809 --- [main] f.a.AutowiredAnnotationBeanPostProcessor : JSR-330 'javax.inject.Inject' annotation found and supported for autowiring
2017-08-24 07:42:41.893  INFO 7809 --- [main] s.b.c.e.t.TomcatEmbeddedServletContainer : Tomcat initialized with port(s): 8888 (http)
2017-08-24 07:42:41.922  INFO 7809 --- [main] o.apache.catalina.core.StandardService   : Starting service [Tomcat]
2017-08-24 07:42:41.925  INFO 7809 --- [main] org.apache.catalina.core.StandardEngine  : Starting Servlet Engine: Apache Tomcat/8.5.15
2017-08-24 07:42:42.170  INFO 7809 --- [localhost-startStop-1] o.a.c.c.C.[Tomcat].[localhost].[/]       : Initializing Spring embedded WebApplicationContext
2017-08-24 07:42:42.171  INFO 7809 --- [localhost-startStop-1] o.s.web.context.ContextLoader            : Root WebApplicationContext: initialization completed in 4980 ms
2017-08-24 07:42:42.404  INFO 7809 --- [localhost-startStop-1] o.s.b.w.servlet.ServletRegistrationBean  : Mapping servlet: 'dispatcherServlet' to [/]
2017-08-24 07:42:42.413  INFO 7809 --- [localhost-startStop-1] o.s.b.w.servlet.FilterRegistrationBean   : Mapping filter: 'characterEncodingFilter' to: [/*]
2017-08-24 07:42:42.416  INFO 7809 --- [localhost-startStop-1] o.s.b.w.servlet.FilterRegistrationBean   : Mapping filter: 'hiddenHttpMethodFilter' to: [/*]
2017-08-24 07:42:42.417  INFO 7809 --- [localhost-startStop-1] o.s.b.w.servlet.FilterRegistrationBean   : Mapping filter: 'httpPutFormContentFilter' to: [/*]
2017-08-24 07:42:42.417  INFO 7809 --- [localhost-startStop-1] o.s.b.w.servlet.FilterRegistrationBean   : Mapping filter: 'requestContextFilter' to: [/*]
2017-08-24 07:42:43.684  INFO 7809 --- [main] s.w.s.m.m.a.RequestMappingHandlerAdapter : Looking for @ControllerAdvice: org.springframework.boot.context.embedded.AnnotationConfigEmbeddedWebApplicationContext@230bdbbc: startup date [Thu Aug 24 07:42:37 BST 2017]; root of context hierarchy
2017-08-24 07:42:43.840  INFO 7809 --- [main] s.w.s.m.m.a.RequestMappingHandlerMapping : Mapped "{[/dbSize]}" onto public java.lang.String com.alfresco.support.alfrescodb.controller.WebController.dbSize(org.springframework.ui.Model)
2017-08-24 07:42:43.842  INFO 7809 --- [main] s.w.s.m.m.a.RequestMappingHandlerMapping : Mapped "{[/workflows]}" onto public java.lang.String com.alfresco.support.alfrescodb.controller.WebController.workflows(org.springframework.ui.Model)
2017-08-24 07:42:43.843  INFO 7809 --- [main] s.w.s.m.m.a.RequestMappingHandlerMapping : Mapped "{[/solrMemory]}" onto public java.lang.String com.alfresco.support.alfrescodb.controller.WebController.solrMemory(org.springframework.ui.Model)
2017-08-24 07:42:43.843  INFO 7809 --- [main] s.w.s.m.m.a.RequestMappingHandlerMapping : Mapped "{[/largeFolders]}" onto public java.lang.String com.alfresco.support.alfrescodb.controller.WebController.largeFolders(java.lang.String,org.springframework.ui.Model)
2017-08-24 07:42:43.843  INFO 7809 --- [main] s.w.s.m.m.a.RequestMappingHandlerMapping : Mapped "{[/largeTransactions]}" onto public java.lang.String com.alfresco.support.alfrescodb.controller.WebController.largeTransactions(java.lang.String,org.springframework.ui.Model)
2017-08-24 07:42:43.843  INFO 7809 --- [main] s.w.s.m.m.a.RequestMappingHandlerMapping : Mapped "{[/activitiesFeed]}" onto public java.lang.String com.alfresco.support.alfrescodb.controller.WebController.activitiesFeed(org.springframework.ui.Model)
2017-08-24 07:42:43.843  INFO 7809 --- [main] s.w.s.m.m.a.RequestMappingHandlerMapping : Mapped "{[/archivedNodes]}" onto public java.lang.String com.alfresco.support.alfrescodb.controller.WebController.archivedNodes(org.springframework.ui.Model)
2017-08-24 07:42:43.843  INFO 7809 --- [main] s.w.s.m.m.a.RequestMappingHandlerMapping : Mapped "{[/listNodesByMimeType]}" onto public void com.alfresco.support.alfrescodb.controller.WebController.nodesByMimeType(org.springframework.ui.Model)
2017-08-24 07:42:43.844  INFO 7809 --- [main] s.w.s.m.m.a.RequestMappingHandlerMapping : Mapped "{[/listNodesByType]}" onto public java.lang.String com.alfresco.support.alfrescodb.controller.WebController.nodesByType(org.springframework.ui.Model)
2017-08-24 07:42:43.844  INFO 7809 --- [main] s.w.s.m.m.a.RequestMappingHandlerMapping : Mapped "{[/listNodesByStore]}" onto public java.lang.String com.alfresco.support.alfrescodb.controller.WebController.nodesByStore(org.springframework.ui.Model)
2017-08-24 07:42:43.844  INFO 7809 --- [main] s.w.s.m.m.a.RequestMappingHandlerMapping : Mapped "{[/lockedResources]}" onto public java.lang.String com.alfresco.support.alfrescodb.controller.WebController.lockedResources(org.springframework.ui.Model)
2017-08-24 07:42:43.844  INFO 7809 --- [main] s.w.s.m.m.a.RequestMappingHandlerMapping : Mapped "{[/authorities]}" onto public java.lang.String com.alfresco.support.alfrescodb.controller.WebController.authorities(org.springframework.ui.Model)
2017-08-24 07:42:43.844  INFO 7809 --- [main] s.w.s.m.m.a.RequestMappingHandlerMapping : Mapped "{[/jmxProperties]}" onto public java.lang.String com.alfresco.support.alfrescodb.controller.WebController.jmxProperties(org.springframework.ui.Model)
2017-08-24 07:42:43.845  INFO 7809 --- [main] s.w.s.m.m.a.RequestMappingHandlerMapping : Mapped "{[/]}" onto public java.lang.String com.alfresco.support.alfrescodb.controller.WebController.index(java.lang.String,org.springframework.ui.Model)
2017-08-24 07:42:43.845  INFO 7809 --- [main] s.w.s.m.m.a.RequestMappingHandlerMapping : Mapped "{[/report]}" onto public void com.alfresco.support.alfrescodb.controller.WebController.report(org.springframework.ui.Model)
2017-08-24 07:42:43.851  INFO 7809 --- [main] s.w.s.m.m.a.RequestMappingHandlerMapping : Mapped "{[/error],produces=[text/html]}" onto public org.springframework.web.servlet.ModelAndView org.springframework.boot.autoconfigure.web.BasicErrorController.errorHtml(javax.servlet.http.HttpServletRequest,javax.servlet.http.HttpServletResponse)
2017-08-24 07:42:43.851  INFO 7809 --- [main] s.w.s.m.m.a.RequestMappingHandlerMapping : Mapped "{[/error]}" onto public org.springframework.http.ResponseEntity<java.util.Map<java.lang.String, java.lang.Object>> org.springframework.boot.autoconfigure.web.BasicErrorController.error(javax.servlet.http.HttpServletRequest)
2017-08-24 07:42:43.893  INFO 7809 --- [main] o.s.w.s.handler.SimpleUrlHandlerMapping  : Mapped URL path [/webjars/**] onto handler of type [class org.springframework.web.servlet.resource.ResourceHttpRequestHandler]
2017-08-24 07:42:43.894  INFO 7809 --- [main] o.s.w.s.handler.SimpleUrlHandlerMapping  : Mapped URL path [/**] onto handler of type [class org.springframework.web.servlet.resource.ResourceHttpRequestHandler]
2017-08-24 07:42:43.974  INFO 7809 --- [main] o.s.w.s.handler.SimpleUrlHandlerMapping  : Mapped URL path [/**/favicon.ico] onto handler of type [class org.springframework.web.servlet.resource.ResourceHttpRequestHandler]
2017-08-24 07:42:44.062  WARN 7809 --- [main] org.thymeleaf.templatemode.TemplateMode  : [THYMELEAF][main] Template Mode 'HTML5' is deprecated. Using Template Mode 'HTML' instead.
2017-08-24 07:42:44.553  INFO 7809 --- [main] o.s.j.e.a.AnnotationMBeanExporter        : Registering beans for JMX exposure on startup
2017-08-24 07:42:44.730  INFO 7809 --- [main] s.b.c.e.t.TomcatEmbeddedServletContainer : Tomcat started on port(s): 8888 (http)
2017-08-24 07:42:44.741  INFO 7809 --- [main] c.a.s.alfrescodb.AlfrescoDbApplication   : Started AlfrescoDbApplication in 9.724 seconds (JVM running for 18.841)
